7zxa.dll
Default.SFX
Descript.ion
License.txt
Order.htm
Rar.exe
Rar.txt
RarExt.dll
RarExt64.dll
RarFiles.lst
ReadMe.txt
Uninstall.exe
Uninstall.lst
UnRAR.exe
WhatsNew.txt
WinCon.SFX
WinRAR.chm
WinRAR.exe
Zip.SFX
rarlng.dll
rarnew.dat
zipnew.dat
rar.lng
rarext.lng
setup.lng
sfx.lng
uninstall.lng
winrar.lng
winrar.chw
Default64.SFX
Zip64.SFX
WinCon64.SFX
RarExt32.dll
RarExtInstaller.exe
RarExtInstaller.exe.manifest
RarExtPackage.msix
RarExtLogo.altform-unplated_targetsize-32.png
RarExtLogo.altform-unplated_targetsize-48.png
RarExtLogo.altform-unplated_targetsize-64.png
RarExtLogo_Default.altform-unplated_targetsize-32.png
RarExtLogo_Default.altform-unplated_targetsize-48.png
RarExtLogo_Default.altform-unplated_targetsize-64.png
Resources.pri
